2016-03-20 11:30:57,817 [Worker-30] INFO  o.e.m.c.i.e.AbstractTransferListenerAdapter - Downloading http://maven.wso2.org/nexus/content/groups/wso2-public/javax/ws/rs/jsr311-api/1.1.1/jsr311-api-1.1.1.pom
2016-03-20 11:31:00,478 [Worker-30] INFO  o.e.m.c.i.e.AbstractTransferListenerAdapter - Downloaded http://maven.wso2.org/nexus/content/groups/wso2-public/javax/ws/rs/jsr311-api/1.1.1/jsr311-api-1.1.1.pom
2016-03-20 11:31:01,775 [Worker-30] INFO  o.e.m.c.i.e.AbstractTransferListenerAdapter - Downloading http://maven.wso2.org/nexus/content/groups/wso2-public/javax/ws/rs/jsr311-api/1.1.1/jsr311-api-1.1.1.jar
2016-03-20 11:31:04,966 [Worker-30] INFO  o.e.m.c.i.e.AbstractTransferListenerAdapter - Downloaded http://maven.wso2.org/nexus/content/groups/wso2-public/javax/ws/rs/jsr311-api/1.1.1/jsr311-api-1.1.1.jar
2016-03-20 11:31:47,855 [Worker-29] INFO  o.e.m.c.i.e.AbstractTransferListenerAdapter - Downloading http://maven.wso2.org/nexus/content/groups/wso2-public/com/sun/jersey/jersey-server/1.8/jersey-server-1.8.pom
2016-03-20 11:31:50,212 [Worker-29] INFO  o.e.m.c.i.e.AbstractTransferListenerAdapter - Downloaded http://maven.wso2.org/nexus/content/groups/wso2-public/com/sun/jersey/jersey-server/1.8/jersey-server-1.8.pom
2016-03-20 11:31:51,439 [Worker-29] INFO  o.e.m.c.i.e.AbstractTransferListenerAdapter - Downloading http://maven.wso2.org/nexus/content/groups/wso2-public/com/sun/jersey/jersey-project/1.8/jersey-project-1.8.pom
2016-03-20 11:31:54,004 [Worker-29] INFO  o.e.m.c.i.e.AbstractTransferListenerAdapter - Downloaded http://maven.wso2.org/nexus/content/groups/wso2-public/com/sun/jersey/jersey-project/1.8/jersey-project-1.8.pom
2016-03-20 11:31:55,431 [Worker-29] INFO  o.e.m.c.i.e.AbstractTransferListenerAdapter - Downloading http://maven.wso2.org/nexus/content/groups/wso2-public/asm/asm/3.1/asm-3.1.pom
2016-03-20 11:31:57,938 [Worker-29] INFO  o.e.m.c.i.e.AbstractTransferListenerAdapter - Downloaded http://maven.wso2.org/nexus/content/groups/wso2-public/asm/asm/3.1/asm-3.1.pom
2016-03-20 11:31:59,124 [Worker-29] INFO  o.e.m.c.i.e.AbstractTransferListenerAdapter - Downloading http://maven.wso2.org/nexus/content/groups/wso2-public/asm/asm-parent/3.1/asm-parent-3.1.pom
2016-03-20 11:32:01,495 [Worker-29] INFO  o.e.m.c.i.e.AbstractTransferListenerAdapter - Downloaded http://maven.wso2.org/nexus/content/groups/wso2-public/asm/asm-parent/3.1/asm-parent-3.1.pom
2016-03-20 11:32:02,742 [Worker-29] INFO  o.e.m.c.i.e.AbstractTransferListenerAdapter - Downloading http://maven.wso2.org/nexus/content/groups/wso2-public/com/sun/jersey/jersey-core/1.8/jersey-core-1.8.pom
2016-03-20 11:32:05,080 [Worker-29] INFO  o.e.m.c.i.e.AbstractTransferListenerAdapter - Downloaded http://maven.wso2.org/nexus/content/groups/wso2-public/com/sun/jersey/jersey-core/1.8/jersey-core-1.8.pom
2016-03-20 11:32:06,389 [Worker-29] INFO  o.e.m.c.i.e.AbstractTransferListenerAdapter - Downloading http://maven.wso2.org/nexus/content/groups/wso2-public/com/sun/jersey/jersey-json/1.8/jersey-json-1.8.pom
2016-03-20 11:32:09,279 [Worker-29] INFO  o.e.m.c.i.e.AbstractTransferListenerAdapter - Downloaded http://maven.wso2.org/nexus/content/groups/wso2-public/com/sun/jersey/jersey-json/1.8/jersey-json-1.8.pom
2016-03-20 11:32:10,437 [Worker-29] INFO  o.e.m.c.i.e.AbstractTransferListenerAdapter - Downloading http://maven.wso2.org/nexus/content/groups/wso2-public/org/codehaus/jettison/jettison/1.1/jettison-1.1.pom
2016-03-20 11:32:12,769 [Worker-29] INFO  o.e.m.c.i.e.AbstractTransferListenerAdapter - Downloaded http://maven.wso2.org/nexus/content/groups/wso2-public/org/codehaus/jettison/jettison/1.1/jettison-1.1.pom
2016-03-20 11:32:13,967 [Worker-29] INFO  o.e.m.c.i.e.AbstractTransferListenerAdapter - Downloading http://maven.wso2.org/nexus/content/groups/wso2-public/stax/stax-api/1.0.1/stax-api-1.0.1.pom
2016-03-20 11:32:16,343 [Worker-29] INFO  o.e.m.c.i.e.AbstractTransferListenerAdapter - Downloaded http://maven.wso2.org/nexus/content/groups/wso2-public/stax/stax-api/1.0.1/stax-api-1.0.1.pom
2016-03-20 11:32:17,550 [Worker-29] INFO  o.e.m.c.i.e.AbstractTransferListenerAdapter - Downloading http://maven.wso2.org/nexus/content/groups/wso2-public/com/sun/xml/bind/jaxb-impl/2.2.3-1/jaxb-impl-2.2.3-1.pom
2016-03-20 11:32:20,024 [Worker-29] INFO  o.e.m.c.i.e.AbstractTransferListenerAdapter - Downloaded http://maven.wso2.org/nexus/content/groups/wso2-public/com/sun/xml/bind/jaxb-impl/2.2.3-1/jaxb-impl-2.2.3-1.pom
2016-03-20 11:32:21,244 [Worker-29] INFO  o.e.m.c.i.e.AbstractTransferListenerAdapter - Downloading http://maven.wso2.org/nexus/content/groups/wso2-public/javax/xml/bind/jaxb-api/2.2.2/jaxb-api-2.2.2.pom
2016-03-20 11:32:23,660 [Worker-29] INFO  o.e.m.c.i.e.AbstractTransferListenerAdapter - Downloaded http://maven.wso2.org/nexus/content/groups/wso2-public/javax/xml/bind/jaxb-api/2.2.2/jaxb-api-2.2.2.pom
2016-03-20 11:32:24,923 [Worker-29] INFO  o.e.m.c.i.e.AbstractTransferListenerAdapter - Downloading http://maven.wso2.org/nexus/content/groups/wso2-public/javax/xml/stream/stax-api/1.0-2/stax-api-1.0-2.pom
2016-03-20 11:32:27,501 [Worker-29] INFO  o.e.m.c.i.e.AbstractTransferListenerAdapter - Downloaded http://maven.wso2.org/nexus/content/groups/wso2-public/javax/xml/stream/stax-api/1.0-2/stax-api-1.0-2.pom
2016-03-20 11:32:28,702 [Worker-29] INFO  o.e.m.c.i.e.AbstractTransferListenerAdapter - Downloading http://maven.wso2.org/nexus/content/groups/wso2-public/javax/activation/activation/1.1/activation-1.1.pom
2016-03-20 11:32:31,431 [Worker-29] INFO  o.e.m.c.i.e.AbstractTransferListenerAdapter - Downloaded http://maven.wso2.org/nexus/content/groups/wso2-public/javax/activation/activation/1.1/activation-1.1.pom
2016-03-20 11:32:32,706 [Worker-29] INFO  o.e.m.c.i.e.AbstractTransferListenerAdapter - Downloading http://maven.wso2.org/nexus/content/groups/wso2-public/org/codehaus/jackson/jackson-core-asl/1.7.1/jackson-core-asl-1.7.1.pom
2016-03-20 11:32:35,168 [Worker-29] INFO  o.e.m.c.i.e.AbstractTransferListenerAdapter - Downloaded http://maven.wso2.org/nexus/content/groups/wso2-public/org/codehaus/jackson/jackson-core-asl/1.7.1/jackson-core-asl-1.7.1.pom
2016-03-20 11:32:36,331 [Worker-29] INFO  o.e.m.c.i.e.AbstractTransferListenerAdapter - Downloading http://maven.wso2.org/nexus/content/groups/wso2-public/org/codehaus/jackson/jackson-mapper-asl/1.7.1/jackson-mapper-asl-1.7.1.pom
2016-03-20 11:32:38,743 [Worker-29] INFO  o.e.m.c.i.e.AbstractTransferListenerAdapter - Downloaded http://maven.wso2.org/nexus/content/groups/wso2-public/org/codehaus/jackson/jackson-mapper-asl/1.7.1/jackson-mapper-asl-1.7.1.pom
2016-03-20 11:32:39,967 [Worker-29] INFO  o.e.m.c.i.e.AbstractTransferListenerAdapter - Downloading http://maven.wso2.org/nexus/content/groups/wso2-public/org/codehaus/jackson/jackson-jaxrs/1.7.1/jackson-jaxrs-1.7.1.pom
2016-03-20 11:32:42,347 [Worker-29] INFO  o.e.m.c.i.e.AbstractTransferListenerAdapter - Downloaded http://maven.wso2.org/nexus/content/groups/wso2-public/org/codehaus/jackson/jackson-jaxrs/1.7.1/jackson-jaxrs-1.7.1.pom
2016-03-20 11:32:43,599 [Worker-29] INFO  o.e.m.c.i.e.AbstractTransferListenerAdapter - Downloading http://maven.wso2.org/nexus/content/groups/wso2-public/org/codehaus/jackson/jackson-xc/1.7.1/jackson-xc-1.7.1.pom
2016-03-20 11:32:45,923 [Worker-29] INFO  o.e.m.c.i.e.AbstractTransferListenerAdapter - Downloaded http://maven.wso2.org/nexus/content/groups/wso2-public/org/codehaus/jackson/jackson-xc/1.7.1/jackson-xc-1.7.1.pom
2016-03-20 11:32:47,247 [Worker-29] INFO  o.e.m.c.i.e.AbstractTransferListenerAdapter - Downloading http://maven.wso2.org/nexus/content/groups/wso2-public/com/sun/jersey/jersey-server/1.8/jersey-server-1.8.jar
2016-03-20 11:32:52,688 [Worker-29] INFO  o.e.m.c.i.e.AbstractTransferListenerAdapter - Downloaded http://maven.wso2.org/nexus/content/groups/wso2-public/com/sun/jersey/jersey-server/1.8/jersey-server-1.8.jar
2016-03-20 11:32:53,842 [Worker-29] INFO  o.e.m.c.i.e.AbstractTransferListenerAdapter - Downloading http://maven.wso2.org/nexus/content/groups/wso2-public/asm/asm/3.1/asm-3.1.jar
2016-03-20 11:32:56,781 [Worker-29] INFO  o.e.m.c.i.e.AbstractTransferListenerAdapter - Downloaded http://maven.wso2.org/nexus/content/groups/wso2-public/asm/asm/3.1/asm-3.1.jar
2016-03-20 11:32:57,902 [Worker-29] INFO  o.e.m.c.i.e.AbstractTransferListenerAdapter - Downloading http://maven.wso2.org/nexus/content/groups/wso2-public/com/sun/jersey/jersey-core/1.8/jersey-core-1.8.jar
2016-03-20 11:33:02,797 [Worker-29] INFO  o.e.m.c.i.e.AbstractTransferListenerAdapter - Downloaded http://maven.wso2.org/nexus/content/groups/wso2-public/com/sun/jersey/jersey-core/1.8/jersey-core-1.8.jar
2016-03-20 11:33:04,041 [Worker-29] INFO  o.e.m.c.i.e.AbstractTransferListenerAdapter - Downloading http://maven.wso2.org/nexus/content/groups/wso2-public/com/sun/jersey/jersey-json/1.8/jersey-json-1.8.jar
2016-03-20 11:33:08,152 [Worker-29] INFO  o.e.m.c.i.e.AbstractTransferListenerAdapter - Downloaded http://maven.wso2.org/nexus/content/groups/wso2-public/com/sun/jersey/jersey-json/1.8/jersey-json-1.8.jar
2016-03-20 11:33:09,314 [Worker-29] INFO  o.e.m.c.i.e.AbstractTransferListenerAdapter - Downloading http://maven.wso2.org/nexus/content/groups/wso2-public/org/codehaus/jettison/jettison/1.1/jettison-1.1.jar
2016-03-20 11:33:12,755 [Worker-29] INFO  o.e.m.c.i.e.AbstractTransferListenerAdapter - Downloaded http://maven.wso2.org/nexus/content/groups/wso2-public/org/codehaus/jettison/jettison/1.1/jettison-1.1.jar
2016-03-20 11:33:13,864 [Worker-29] INFO  o.e.m.c.i.e.AbstractTransferListenerAdapter - Downloading http://maven.wso2.org/nexus/content/groups/wso2-public/stax/stax-api/1.0.1/stax-api-1.0.1.jar
2016-03-20 11:33:16,673 [Worker-29] INFO  o.e.m.c.i.e.AbstractTransferListenerAdapter - Downloaded http://maven.wso2.org/nexus/content/groups/wso2-public/stax/stax-api/1.0.1/stax-api-1.0.1.jar
2016-03-20 11:33:17,813 [Worker-29] INFO  o.e.m.c.i.e.AbstractTransferListenerAdapter - Downloading http://maven.wso2.org/nexus/content/groups/wso2-public/com/sun/xml/bind/jaxb-impl/2.2.3-1/jaxb-impl-2.2.3-1.jar
2016-03-20 11:33:24,219 [Worker-29] INFO  o.e.m.c.i.e.AbstractTransferListenerAdapter - Downloaded http://maven.wso2.org/nexus/content/groups/wso2-public/com/sun/xml/bind/jaxb-impl/2.2.3-1/jaxb-impl-2.2.3-1.jar
2016-03-20 11:33:25,370 [Worker-29] INFO  o.e.m.c.i.e.AbstractTransferListenerAdapter - Downloading http://maven.wso2.org/nexus/content/groups/wso2-public/javax/xml/bind/jaxb-api/2.2.2/jaxb-api-2.2.2.jar
2016-03-20 11:33:28,833 [Worker-29] INFO  o.e.m.c.i.e.AbstractTransferListenerAdapter - Downloaded http://maven.wso2.org/nexus/content/groups/wso2-public/javax/xml/bind/jaxb-api/2.2.2/jaxb-api-2.2.2.jar
2016-03-20 11:33:29,950 [Worker-29] INFO  o.e.m.c.i.e.AbstractTransferListenerAdapter - Downloading http://maven.wso2.org/nexus/content/groups/wso2-public/javax/xml/stream/stax-api/1.0-2/stax-api-1.0-2.jar
2016-03-20 11:33:32,731 [Worker-29] INFO  o.e.m.c.i.e.AbstractTransferListenerAdapter - Downloaded http://maven.wso2.org/nexus/content/groups/wso2-public/javax/xml/stream/stax-api/1.0-2/stax-api-1.0-2.jar
2016-03-20 11:33:33,872 [Worker-29] INFO  o.e.m.c.i.e.AbstractTransferListenerAdapter - Downloading http://maven.wso2.org/nexus/content/groups/wso2-public/javax/activation/activation/1.1/activation-1.1.jar
2016-03-20 11:33:37,049 [Worker-29] INFO  o.e.m.c.i.e.AbstractTransferListenerAdapter - Downloaded http://maven.wso2.org/nexus/content/groups/wso2-public/javax/activation/activation/1.1/activation-1.1.jar
2016-03-20 11:33:38,242 [Worker-29] INFO  o.e.m.c.i.e.AbstractTransferListenerAdapter - Downloading http://maven.wso2.org/nexus/content/groups/wso2-public/org/codehaus/jackson/jackson-core-asl/1.7.1/jackson-core-asl-1.7.1.jar
2016-03-20 11:33:42,552 [Worker-29] INFO  o.e.m.c.i.e.AbstractTransferListenerAdapter - Downloaded http://maven.wso2.org/nexus/content/groups/wso2-public/org/codehaus/jackson/jackson-core-asl/1.7.1/jackson-core-asl-1.7.1.jar
2016-03-20 11:33:43,743 [Worker-29] INFO  o.e.m.c.i.e.AbstractTransferListenerAdapter - Downloading http://maven.wso2.org/nexus/content/groups/wso2-public/org/codehaus/jackson/jackson-mapper-asl/1.7.1/jackson-mapper-asl-1.7.1.jar
2016-03-20 11:33:49,244 [Worker-29] INFO  o.e.m.c.i.e.AbstractTransferListenerAdapter - Downloaded http://maven.wso2.org/nexus/content/groups/wso2-public/org/codehaus/jackson/jackson-mapper-asl/1.7.1/jackson-mapper-asl-1.7.1.jar
2016-03-20 11:33:50,428 [Worker-29] INFO  o.e.m.c.i.e.AbstractTransferListenerAdapter - Downloading http://maven.wso2.org/nexus/content/groups/wso2-public/org/codehaus/jackson/jackson-jaxrs/1.7.1/jackson-jaxrs-1.7.1.jar
2016-03-20 11:33:53,315 [Worker-29] INFO  o.e.m.c.i.e.AbstractTransferListenerAdapter - Downloaded http://maven.wso2.org/nexus/content/groups/wso2-public/org/codehaus/jackson/jackson-jaxrs/1.7.1/jackson-jaxrs-1.7.1.jar
2016-03-20 11:33:54,524 [Worker-29] INFO  o.e.m.c.i.e.AbstractTransferListenerAdapter - Downloading http://maven.wso2.org/nexus/content/groups/wso2-public/org/codehaus/jackson/jackson-xc/1.7.1/jackson-xc-1.7.1.jar
2016-03-20 11:33:57,302 [Worker-29] INFO  o.e.m.c.i.e.AbstractTransferListenerAdapter - Downloaded http://maven.wso2.org/nexus/content/groups/wso2-public/org/codehaus/jackson/jackson-xc/1.7.1/jackson-xc-1.7.1.jar
